have_func: checking for malloc()... -------------------- yes

"gcc -o conftest -I/home/lenovo1/.rbenv/versions/2.7.1/include/ruby-2.7.0/x86_64-linux -I/home/lenovo1/.rbenv/versions/2.7.1/include/ruby-2.7.0/ruby/backward -I/home/lenovo1/.rbenv/versions/2.7.1/include/ruby-2.7.0 -I../../../../ext/my_malloc -I/home/lenovo1/.rbenv/versions/2.7.1/include    -O3 -ggdb3 -Wall -Wextra -Wdeprecated-declarations -Wduplicated-cond -Wimplicit-function-declaration -Wimplicit-int -Wmisleading-indentation -Wpointer-arith -Wwrite-strings -Wimplicit-fallthrough=0 -Wmissing-noreturn -Wno-cast-function-type -Wno-constant-logical-operand -Wno-long-long -Wno-missing-field-initializers -Wno-overlength-strings -Wno-packed-bitfield-compat -Wno-parentheses-equality -Wno-self-assign -Wno-tautological-compare -Wno-unused-parameter -Wno-unused-value -Wsuggest-attribute=format -Wsuggest-attribute=noreturn -Wunused-variable  -fPIC conftest.c  -L. -L/home/lenovo1/.rbenv/versions/2.7.1/lib -Wl,-rpath,/home/lenovo1/.rbenv/versions/2.7.1/lib -L. -L/home/lenovo1/.rbenv/versions/2.7.1/lib  -fstack-protector-strong -rdynamic -Wl,-export-dynamic     -Wl,-rpath,/home/lenovo1/.rbenv/versions/2.7.1/lib -L/home/lenovo1/.rbenv/versions/2.7.1/lib -lruby  -lm   -lc"
checked program was:
/* begin */
1: #include "ruby.h"
2: 
3: int main(int argc, char **argv)
4: {
5:   return !!argv[argc];
6: }
/* end */

"gcc -o conftest -I/home/lenovo1/.rbenv/versions/2.7.1/include/ruby-2.7.0/x86_64-linux -I/home/lenovo1/.rbenv/versions/2.7.1/include/ruby-2.7.0/ruby/backward -I/home/lenovo1/.rbenv/versions/2.7.1/include/ruby-2.7.0 -I../../../../ext/my_malloc -I/home/lenovo1/.rbenv/versions/2.7.1/include    -O3 -ggdb3 -Wall -Wextra -Wdeprecated-declarations -Wduplicated-cond -Wimplicit-function-declaration -Wimplicit-int -Wmisleading-indentation -Wpointer-arith -Wwrite-strings -Wimplicit-fallthrough=0 -Wmissing-noreturn -Wno-cast-function-type -Wno-constant-logical-operand -Wno-long-long -Wno-missing-field-initializers -Wno-overlength-strings -Wno-packed-bitfield-compat -Wno-parentheses-equality -Wno-self-assign -Wno-tautological-compare -Wno-unused-parameter -Wno-unused-value -Wsuggest-attribute=format -Wsuggest-attribute=noreturn -Wunused-variable  -fPIC conftest.c  -L. -L/home/lenovo1/.rbenv/versions/2.7.1/lib -Wl,-rpath,/home/lenovo1/.rbenv/versions/2.7.1/lib -L. -L/home/lenovo1/.rbenv/versions/2.7.1/lib  -fstack-protector-strong -rdynamic -Wl,-export-dynamic     -Wl,-rpath,/home/lenovo1/.rbenv/versions/2.7.1/lib -L/home/lenovo1/.rbenv/versions/2.7.1/lib -lruby  -lm   -lc"
checked program was:
/* begin */
 1: #include "ruby.h"
 2: 
 3: /*top*/
 4: extern int t(void);
 5: int main(int argc, char **argv)
 6: {
 7:   if (argc > 1000000) {
 8:     int (* volatile tp)(void)=(int (*)(void))&t;
 9:     printf("%d", (*tp)());
10:   }
11: 
12:   return !!argv[argc];
13: }
14: int t(void) { void ((*volatile p)()); p = (void ((*)()))malloc; return !p; }
/* end */

--------------------

have_func: checking for free()... -------------------- yes

"gcc -o conftest -I/home/lenovo1/.rbenv/versions/2.7.1/include/ruby-2.7.0/x86_64-linux -I/home/lenovo1/.rbenv/versions/2.7.1/include/ruby-2.7.0/ruby/backward -I/home/lenovo1/.rbenv/versions/2.7.1/include/ruby-2.7.0 -I../../../../ext/my_malloc -I/home/lenovo1/.rbenv/versions/2.7.1/include    -O3 -ggdb3 -Wall -Wextra -Wdeprecated-declarations -Wduplicated-cond -Wimplicit-function-declaration -Wimplicit-int -Wmisleading-indentation -Wpointer-arith -Wwrite-strings -Wimplicit-fallthrough=0 -Wmissing-noreturn -Wno-cast-function-type -Wno-constant-logical-operand -Wno-long-long -Wno-missing-field-initializers -Wno-overlength-strings -Wno-packed-bitfield-compat -Wno-parentheses-equality -Wno-self-assign -Wno-tautological-compare -Wno-unused-parameter -Wno-unused-value -Wsuggest-attribute=format -Wsuggest-attribute=noreturn -Wunused-variable  -fPIC conftest.c  -L. -L/home/lenovo1/.rbenv/versions/2.7.1/lib -Wl,-rpath,/home/lenovo1/.rbenv/versions/2.7.1/lib -L. -L/home/lenovo1/.rbenv/versions/2.7.1/lib  -fstack-protector-strong -rdynamic -Wl,-export-dynamic     -Wl,-rpath,/home/lenovo1/.rbenv/versions/2.7.1/lib -L/home/lenovo1/.rbenv/versions/2.7.1/lib -lruby  -lm   -lc"
checked program was:
/* begin */
 1: #include "ruby.h"
 2: 
 3: /*top*/
 4: extern int t(void);
 5: int main(int argc, char **argv)
 6: {
 7:   if (argc > 1000000) {
 8:     int (* volatile tp)(void)=(int (*)(void))&t;
 9:     printf("%d", (*tp)());
10:   }
11: 
12:   return !!argv[argc];
13: }
14: int t(void) { void ((*volatile p)()); p = (void ((*)()))free; return !p; }
/* end */

--------------------

extconf.h is:
/* begin */
1: #ifndef EXTCONF_H
2: #define EXTCONF_H
3: #define HAVE_MALLOC 1
4: #define HAVE_FREE 1
5: #endif
/* end */

